Build started 3/17/2012 4:59:25 PM.
     1>Project "D:\Dropbox\ColumbiaCollege\IntroProgramming1\Code\MyFinalProject\MyFinalProject\MyFinalProject.vcxproj" on node 2 (build target(s)).
     1>InitializeBuildStatus:
         Creating "Debug\MyFinalProject.unsuccessfulbuild" because "AlwaysCreate" was specified.
       ClCompile:
         All outputs are up-to-date.
         C:\Program Files (x86)\Microsoft Visual Studio 10.0\VC\bin\CL.exe /c /ZI /nologo /W3 /WX- /Od /Oy- /D WIN32 /D _DEBUG /D _CONSOLE /D _UNICODE /D UNICODE /Gm /EHsc /RTC1 /MDd /GS /fp:precise /Zc:wchar_t /Zc:forScope /Yu"StdAfx.h" /Fp"Debug\MyFinalProject.pch" /Fo"Debug\\" /Fd"Debug\vc100.pdb" /Gd /TP /analyze- /errorReport:prompt MyFinalProject.cpp
         MyFinalProject.cpp
       ManifestResourceCompile:
         All outputs are up-to-date.
       Link:
         C:\Program Files (x86)\Microsoft Visual Studio 10.0\VC\bin\link.exe /ERRORREPORT:PROMPT /OUT:"D:\Dropbox\ColumbiaCollege\IntroProgramming1\Code\MyFinalProject\Debug\MyFinalProject.exe" /INCREMENTAL /NOLOGO kernel32.lib user32.lib gdi32.lib winspool.lib comdlg32.lib advapi32.lib shell32.lib ole32.lib oleaut32.lib uuid.lib odbc32.lib odbccp32.lib /MANIFEST /ManifestFile:"Debug\MyFinalProject.exe.intermediate.manifest" /MANIFESTUAC:"level='asInvoker' uiAccess='false'" /DEBUG /PDB:"D:\Dropbox\ColumbiaCollege\IntroProgramming1\Code\MyFinalProject\Debug\MyFinalProject.pdb" /SUBSYSTEM:CONSOLE /TLBID:1 /DYNAMICBASE /NXCOMPAT /IMPLIB:"D:\Dropbox\ColumbiaCollege\IntroProgramming1\Code\MyFinalProject\Debug\MyFinalProject.lib" /MACHINE:X86 Debug\MyFinalProject.exe.embed.manifest.res
         Debug\MyFinalProject.obj
         Debug\stdafx.obj
         Debug\tank.obj
       Manifest:
         C:\Program Files (x86)\Microsoft SDKs\Windows\v7.0A\bin\mt.exe /nologo /verbose /out:"Debug\MyFinalProject.exe.embed.manifest" /manifest Debug\MyFinalProject.exe.intermediate.manifest
         All outputs are up-to-date.
       LinkEmbedManifest:
         All outputs are up-to-date.
         MyFinalProject.vcxproj -> D:\Dropbox\ColumbiaCollege\IntroProgramming1\Code\MyFinalProject\Debug\MyFinalProject.exe
       FinalizeBuildStatus:
         Deleting file "Debug\MyFinalProject.unsuccessfulbuild".
         Touching "Debug\MyFinalProject.lastbuildstate".
     1>Done Building Project "D:\Dropbox\ColumbiaCollege\IntroProgramming1\Code\MyFinalProject\MyFinalProject\MyFinalProject.vcxproj" (build target(s)).

Build succeeded.

Time Elapsed 00:00:04.82
