Build started 2/21/2012 6:59:45 AM.
     1>Project "C:\Users\tpickell\Desktop\tankbattle\tankbattle\tankbattle.vcxproj" on node 2 (build target(s)).
     1>InitializeBuildStatus:
         Creating "Debug\tankbattle.unsuccessfulbuild" because "AlwaysCreate" was specified.
       ClCompile:
         C:\Program Files (x86)\Microsoft Visual Studio 10.0\VC\bin\CL.exe /c /ZI /nologo /W3 /WX- /Od /Oy- /D WIN32 /D _DEBUG /D _CONSOLE /D _UNICODE /D UNICODE /Gm /EHsc /RTC1 /MDd /GS /fp:precise /Zc:wchar_t /Zc:forScope /Yc"StdAfx.h" /Fp"Debug\tankbattle.pch" /Fo"Debug\\" /Fd"Debug\vc100.pdb" /Gd /TP /analyze- /errorReport:prompt stdafx.cpp
         stdafx.cpp
         C:\Program Files (x86)\Microsoft Visual Studio 10.0\VC\bin\CL.exe /c /ZI /nologo /W3 /WX- /Od /Oy- /D WIN32 /D _DEBUG /D _CONSOLE /D _UNICODE /D UNICODE /Gm /EHsc /RTC1 /MDd /GS /fp:precise /Zc:wchar_t /Zc:forScope /Yu"StdAfx.h" /Fp"Debug\tankbattle.pch" /Fo"Debug\\" /Fd"Debug\vc100.pdb" /Gd /TP /analyze- /errorReport:prompt tankbattle.cpp
         tankbattle.cpp
     1>c:\users\tpickell\desktop\tankbattle\tankbattle\gamefunctions.h(53): warning C4244: 'argument' : conversion from 'double' to 'char', possible loss of data
     1>c:\users\tpickell\desktop\tankbattle\tankbattle\tankbattle.cpp(20): warning C4244: 'argument' : conversion from 'time_t' to 'unsigned int', possible loss of data
     1>c:\users\tpickell\desktop\tankbattle\tankbattle\tankbattle.cpp(95): warning C4244: '=' : conversion from 'double' to 'int', possible loss of data
     1>c:\users\tpickell\desktop\tankbattle\tankbattle\tankbattle.cpp(96): warning C4244: '=' : conversion from 'double' to 'int', possible loss of data
     1>c:\users\tpickell\desktop\tankbattle\tankbattle\tankbattle.cpp(34): warning C4101: 'offset' : unreferenced local variable
       ManifestResourceCompile:
         C:\Program Files (x86)\Microsoft SDKs\Windows\v7.0A\bin\rc.exe /nologo /fo"Debug\tankbattle.exe.embed.manifest.res" Debug\tankbattle_manifest.rc 
       Link:
         C:\Program Files (x86)\Microsoft Visual Studio 10.0\VC\bin\link.exe /ERRORREPORT:PROMPT /OUT:"C:\Users\tpickell\Desktop\tankbattle\Debug\tankbattle.exe" /INCREMENTAL /NOLOGO kernel32.lib user32.lib gdi32.lib winspool.lib comdlg32.lib advapi32.lib shell32.lib ole32.lib oleaut32.lib uuid.lib odbc32.lib odbccp32.lib /MANIFEST /ManifestFile:"Debug\tankbattle.exe.intermediate.manifest" /MANIFESTUAC:"level='asInvoker' uiAccess='false'" /DEBUG /PDB:"C:\Users\tpickell\Desktop\tankbattle\Debug\tankbattle.pdb" /SUBSYSTEM:CONSOLE /TLBID:1 /DYNAMICBASE /NXCOMPAT /IMPLIB:"C:\Users\tpickell\Desktop\tankbattle\Debug\tankbattle.lib" /MACHINE:X86 Debug\tankbattle.exe.embed.manifest.res
         Debug\stdafx.obj
         Debug\tankbattle.obj
       Manifest:
         Deleting file "Debug\tankbattle.exe.embed.manifest".
         C:\Program Files (x86)\Microsoft SDKs\Windows\v7.0A\bin\mt.exe /nologo /verbose /out:"Debug\tankbattle.exe.embed.manifest" /manifest Debug\tankbattle.exe.intermediate.manifest
         C:\Program Files (x86)\Microsoft SDKs\Windows\v7.0A\bin\rc.exe /nologo /fo"Debug\tankbattle.exe.embed.manifest.res" Debug\tankbattle_manifest.rc 
       LinkEmbedManifest:
         C:\Program Files (x86)\Microsoft Visual Studio 10.0\VC\bin\link.exe /ERRORREPORT:PROMPT /OUT:"C:\Users\tpickell\Desktop\tankbattle\Debug\tankbattle.exe" /INCREMENTAL /NOLOGO kernel32.lib user32.lib gdi32.lib winspool.lib comdlg32.lib advapi32.lib shell32.lib ole32.lib oleaut32.lib uuid.lib odbc32.lib odbccp32.lib /MANIFEST /ManifestFile:"Debug\tankbattle.exe.intermediate.manifest" /MANIFESTUAC:"level='asInvoker' uiAccess='false'" /DEBUG /PDB:"C:\Users\tpickell\Desktop\tankbattle\Debug\tankbattle.pdb" /SUBSYSTEM:CONSOLE /TLBID:1 /DYNAMICBASE /NXCOMPAT /IMPLIB:"C:\Users\tpickell\Desktop\tankbattle\Debug\tankbattle.lib" /MACHINE:X86 Debug\tankbattle.exe.embed.manifest.res
         Debug\stdafx.obj
         Debug\tankbattle.obj
         tankbattle.vcxproj -> C:\Users\tpickell\Desktop\tankbattle\Debug\tankbattle.exe
       FinalizeBuildStatus:
         Deleting file "Debug\tankbattle.unsuccessfulbuild".
         Touching "Debug\tankbattle.lastbuildstate".
     1>Done Building Project "C:\Users\tpickell\Desktop\tankbattle\tankbattle\tankbattle.vcxproj" (build target(s)).

Build succeeded.

Time Elapsed 00:00:02.12
