Build started 1/25/2012 6:16:58 AM.
     1>Project "D:\Dropbox\ColumbiaCollege\IntroProgramming1\Code\GradeBook\GradeBook\GradeBook.vcxproj" on node 2 (build target(s)).
     1>InitializeBuildStatus:
         Touching "Debug\GradeBook.unsuccessfulbuild".
       ClCompile:
         All outputs are up-to-date.
         C:\Program Files (x86)\Microsoft Visual Studio 10.0\VC\bin\CL.exe /c /ZI /nologo /W3 /WX- /Od /Oy- /D WIN32 /D _DEBUG /D _CONSOLE /D _UNICODE /D UNICODE /Gm /EHsc /RTC1 /MDd /GS /fp:precise /Zc:wchar_t /Zc:forScope /Yu"StdAfx.h" /Fp"Debug\GradeBook.pch" /Fo"Debug\\" /Fd"Debug\vc100.pdb" /Gd /TP /analyze- /errorReport:prompt GradeBookImp.cpp
         GradeBookImp.cpp
       ManifestResourceCompile:
         All outputs are up-to-date.
       Link:
         C:\Program Files (x86)\Microsoft Visual Studio 10.0\VC\bin\link.exe /ERRORREPORT:PROMPT /OUT:"D:\Dropbox\ColumbiaCollege\IntroProgramming1\Code\GradeBook\Debug\GradeBook.exe" /INCREMENTAL /NOLOGO kernel32.lib user32.lib gdi32.lib winspool.lib comdlg32.lib advapi32.lib shell32.lib ole32.lib oleaut32.lib uuid.lib odbc32.lib odbccp32.lib /MANIFEST /ManifestFile:"Debug\GradeBook.exe.intermediate.manifest" /MANIFESTUAC:"level='asInvoker' uiAccess='false'" /DEBUG /PDB:"D:\Dropbox\ColumbiaCollege\IntroProgramming1\Code\GradeBook\Debug\GradeBook.pdb" /SUBSYSTEM:CONSOLE /TLBID:1 /DYNAMICBASE /NXCOMPAT /IMPLIB:"D:\Dropbox\ColumbiaCollege\IntroProgramming1\Code\GradeBook\Debug\GradeBook.lib" /MACHINE:X86 Debug\GradeBook.exe.embed.manifest.res
         Debug\GradeBook.obj
         Debug\GradeBookImp.obj
         Debug\stdafx.obj
       Manifest:
         C:\Program Files (x86)\Microsoft SDKs\Windows\v7.0A\bin\mt.exe /nologo /verbose /out:"Debug\GradeBook.exe.embed.manifest" /manifest Debug\GradeBook.exe.intermediate.manifest
         All outputs are up-to-date.
       LinkEmbedManifest:
         All outputs are up-to-date.
         GradeBook.vcxproj -> D:\Dropbox\ColumbiaCollege\IntroProgramming1\Code\GradeBook\Debug\GradeBook.exe
       FinalizeBuildStatus:
         Deleting file "Debug\GradeBook.unsuccessfulbuild".
         Touching "Debug\GradeBook.lastbuildstate".
     1>Done Building Project "D:\Dropbox\ColumbiaCollege\IntroProgramming1\Code\GradeBook\GradeBook\GradeBook.vcxproj" (build target(s)).

Build succeeded.

Time Elapsed 00:00:01.06
