Build started 1/11/2012 5:49:52 PM.
Project "C:\Users\Todd Pickell\Documents\Visual Studio 2010\HelloWorld\HelloWorld\HelloWorld.vcxproj" on node 2 (build target(s)).
InitializeBuildStatus:
  Creating "Debug\HelloWorld.unsuccessfulbuild" because "AlwaysCreate" was specified.
ClCompile:
  All outputs are up-to-date.
  c:\Program Files\Microsoft Visual Studio 10.0\VC\bin\CL.exe /c /ZI /nologo /W3 /WX- /Od /Oy- /D WIN32 /D _DEBUG /D _CONSOLE /D _UNICODE /D UNICODE /Gm /EHsc /RTC1 /MDd /GS /fp:precise /Zc:wchar_t /Zc:forScope /Yu"StdAfx.h" /Fp"Debug\HelloWorld.pch" /Fo"Debug\\" /Fd"Debug\vc100.pdb" /Gd /TP /analyze- /errorReport:prompt HelloWorld.cpp
  HelloWorld.cpp
ManifestResourceCompile:
  All outputs are up-to-date.
Link:
  c:\Program Files\Microsoft Visual Studio 10.0\VC\bin\link.exe /ERRORREPORT:PROMPT /OUT:"C:\Users\Todd Pickell\Documents\Visual Studio 2010\HelloWorld\Debug\HelloWorld.exe" /INCREMENTAL /NOLOGO kernel32.lib user32.lib gdi32.lib winspool.lib comdlg32.lib advapi32.lib shell32.lib ole32.lib oleaut32.lib uuid.lib odbc32.lib odbccp32.lib /MANIFEST /ManifestFile:"Debug\HelloWorld.exe.intermediate.manifest" /MANIFESTUAC:"level='asInvoker' uiAccess='false'" /DEBUG /PDB:"C:\Users\Todd Pickell\Documents\Visual Studio 2010\HelloWorld\Debug\HelloWorld.pdb" /SUBSYSTEM:CONSOLE /TLBID:1 /DYNAMICBASE /NXCOMPAT /IMPLIB:"C:\Users\Todd Pickell\Documents\Visual Studio 2010\HelloWorld\Debug\HelloWorld.lib" /MACHINE:X86 Debug\HelloWorld.exe.embed.manifest.res
  Debug\HelloWorld.obj
  Debug\stdafx.obj
Manifest:
  c:\Program Files\Microsoft SDKs\Windows\v7.0A\bin\mt.exe /nologo /verbose /out:"Debug\HelloWorld.exe.embed.manifest" /manifest Debug\HelloWorld.exe.intermediate.manifest
  All outputs are up-to-date.
LinkEmbedManifest:
  All outputs are up-to-date.
  HelloWorld.vcxproj -> C:\Users\Todd Pickell\Documents\Visual Studio 2010\HelloWorld\Debug\HelloWorld.exe
FinalizeBuildStatus:
  Deleting file "Debug\HelloWorld.unsuccessfulbuild".
  Touching "Debug\HelloWorld.lastbuildstate".
Done Building Project "C:\Users\Todd Pickell\Documents\Visual Studio 2010\HelloWorld\HelloWorld\HelloWorld.vcxproj" (build target(s)).

Build succeeded.

Time Elapsed 00:00:03.09
