Build started 4/17/2012 9:54:07 PM.
Project "\\vmware-host\Shared Folders\Dropbox\ColumbiaCollege\Programming2\week4\MidTerm\SubHunter\SubHunter\SubHunter.vcxproj" on node 2 (build target(s)).
InitializeBuildStatus:
  Creating "Debug\SubHunter.unsuccessfulbuild" because "AlwaysCreate" was specified.
GenerateTargetFrameworkMonikerAttribute:
Skipping target "GenerateTargetFrameworkMonikerAttribute" because all output files are up-to-date with respect to the input files.
ClCompile:
  All outputs are up-to-date.
  c:\Program Files\Microsoft Visual Studio 10.0\VC\bin\CL.exe /c /AI"C:\Program Files\Reference Assemblies\Microsoft\Framework\.NETFramework\v4.0" /Zi /clr /nologo /W3 /WX- /Od /Oy- /D WIN32 /D _DEBUG /D _UNICODE /D UNICODE /EHa /MDd /GS /fp:precise /Zc:wchar_t /Zc:forScope /Yu"StdAfx.h" /Fp"Debug\SubHunter.pch" /Fo"Debug\\" /Fd"Debug\vc100.pdb" /TP /FU"C:\Program Files\Reference Assemblies\Microsoft\Framework\.NETFramework\v4.0\System.Core.dll" /FU"C:\Program Files\Reference Assemblies\Microsoft\Framework\.NETFramework\v4.0\System.Data.dll" /FU"C:\Program Files\Reference Assemblies\Microsoft\Framework\.NETFramework\v4.0\System.dll" /FU"C:\Program Files\Reference Assemblies\Microsoft\Framework\.NETFramework\v4.0\System.Xml.dll" /analyze- /errorReport:prompt Game.cpp /clr:nostdlib 
  Game.cpp
Game.cpp(46): warning C4244: 'argument' : conversion from 'time_t' to 'unsigned int', possible loss of data
  All outputs are up-to-date.
ResourceCompile:
  c:\Program Files\Microsoft SDKs\Windows\v7.0A\bin\rc.exe /D _UNICODE /D UNICODE /l"0x0409" /nologo /fo"Debug\app.res" app.rc 
Link:
  c:\Program Files\Microsoft Visual Studio 10.0\VC\bin\link.exe /ERRORREPORT:PROMPT /OUT:"\\vmware-host\Shared Folders\Dropbox\ColumbiaCollege\Programming2\week4\MidTerm\SubHunter\Debug\SubHunter.exe" /INCREMENTAL /NOLOGO /MANIFEST /ManifestFile:"Debug\SubHunter.exe.intermediate.manifest" /MANIFESTUAC:"level='asInvoker' uiAccess='false'" /DEBUG /PDB:"\\vmware-host\Shared Folders\Dropbox\ColumbiaCollege\Programming2\week4\MidTerm\SubHunter\Debug\SubHunter.pdb" /ASSEMBLYDEBUG /TLBID:1 /DYNAMICBASE /FIXED:NO /NXCOMPAT /MACHINE:X86 Debug\app.res
  Debug\AssemblyInfo.obj
  Debug\Destroyer.obj
  Debug\Game.obj
  Debug\MyPoint.obj
  Debug\stdafx.obj
  Debug\Sub.obj
  Debug\SubHunter.obj
  "Debug\.NETFramework,Version=v4.0.AssemblyAttributes.obj"
  SubHunter.vcxproj -> \\vmware-host\Shared Folders\Dropbox\ColumbiaCollege\Programming2\week4\MidTerm\SubHunter\Debug\SubHunter.exe
Manifest:
  c:\Program Files\Microsoft SDKs\Windows\v7.0A\bin\mt.exe /nologo /verbose /outputresource:"\\vmware-host\Shared Folders\Dropbox\ColumbiaCollege\Programming2\week4\MidTerm\SubHunter\Debug\SubHunter.exe;#1" /manifest Debug\SubHunter.exe.intermediate.manifest
FinalizeBuildStatus:
  Deleting file "Debug\SubHunter.unsuccessfulbuild".
  Touching "Debug\SubHunter.lastbuildstate".
Done Building Project "\\vmware-host\Shared Folders\Dropbox\ColumbiaCollege\Programming2\week4\MidTerm\SubHunter\SubHunter\SubHunter.vcxproj" (build target(s)).

Build succeeded.

Time Elapsed 00:00:08.16
